<?xml version="1.0" encoding="UTF-8"?>
<!-- Generated by org.testng.reporters.JUnitXMLReporter -->
<testsuite ignored="0" hostname="DESKTOP-7DG3UKU" failures="0" tests="8" name="Test" time="0.187" errors="0" timestamp="2025-12-07T18:45:01 IST">
  <testcase classname="TestNG_Annotations.Before_After_Class" name="test1" time="0.017"/>
  <testcase classname="TestNG_Annotations.Before_After_Class" name="test2" time="0.0"/>
  <testcase classname="TestNG_Annotations.Before_After_Test" name="test1" time="0.004"/>
  <testcase classname="TestNG_Annotations.Before_After_Test" name="test2" time="0.005"/>
  <testcase classname="TestNG_Annotations.Before_After_Suite" name="test1" time="0.004"/>
  <testcase classname="TestNG_Annotations.Before_After_Suite" name="test2" time="0.004"/>
  <testcase classname="TestNG_Annotations.Before_After_Methods" name="test1" time="0.013"/>
  <testcase classname="TestNG_Annotations.Before_After_Methods" name="test2" time="0.005"/>
</testsuite> <!-- Test -->
