<?xml version="1.0" encoding="UTF-8"?>
<testng-results ignored="0" total="1" passed="1" failed="0" skipped="0">
  <reporter-output>
  </reporter-output>
  <suite started-at="2025-12-13T05:22:08 IST" name="Default suite" finished-at="2025-12-13T05:22:14 IST" duration-ms="6391">
    <groups>
    </groups>
    <test started-at="2025-12-13T05:22:08 IST" name="Default test" finished-at="2025-12-13T05:22:14 IST" duration-ms="6391">
      <class name="PageObjectModel.LoginTest2">
        <test-method is-config="true" signature="setup()[pri:0, instance:PageObjectModel.LoginTest2@13f17eb4]" started-at="2025-12-13T05:22:08 IST" name="setup" finished-at="2025-12-13T05:22:12 IST" duration-ms="4241" status="PASS">
          <reporter-output>
          </reporter-output>
        </test-method> <!-- setup -->
        <test-method signature="Testlogin()[pri:0, instance:PageObjectModel.LoginTest2@13f17eb4]" started-at="2025-12-13T05:22:12 IST" name="Testlogin" finished-at="2025-12-13T05:22:14 IST" duration-ms="1886" status="PASS">
          <reporter-output>
          </reporter-output>
        </test-method> <!-- Testlogin -->
        <test-method is-config="true" signature="tearDown()[pri:0, instance:PageObjectModel.LoginTest2@13f17eb4]" started-at="2025-12-13T05:22:14 IST" name="tearDown" finished-at="2025-12-13T05:22:14 IST" duration-ms="225" status="PASS">
          <reporter-output>
          </reporter-output>
        </test-method> <!-- tearDown -->
      </class> <!-- PageObjectModel.LoginTest2 -->
    </test> <!-- Default test -->
  </suite> <!-- Default suite -->
</testng-results>
