<?xml version="1.0" encoding="UTF-8"?>
<testng-results ignored="0" total="8" passed="8" failed="0" skipped="0">
  <reporter-output>
  </reporter-output>
  <suite started-at="2025-12-07T18:45:01 IST" name="Suite" finished-at="2025-12-07T18:45:01 IST" duration-ms="187">
    <groups>
    </groups>
    <test started-at="2025-12-07T18:45:01 IST" name="Test" finished-at="2025-12-07T18:45:01 IST" duration-ms="187">
      <class name="TestNG_Annotations.Before_After_Test">
        <test-method is-config="true" signature="BeforeClass()[pri:0, instance:TestNG_Annotations.Before_After_Test@1522d8a0]" started-at="2025-12-07T18:45:01 IST" name="BeforeClass" finished-at="2025-12-07T18:45:01 IST" duration-ms="5" status="PASS">
          <reporter-output>
          </reporter-output>
        </test-method> <!-- BeforeClass -->
        <test-method is-config="true" signature="BeforeMethod()[pri:0, instance:TestNG_Annotations.Before_After_Test@1522d8a0]" started-at="2025-12-07T18:45:01 IST" name="BeforeMethod" finished-at="2025-12-07T18:45:01 IST" duration-ms="1" status="PASS">
          <reporter-output>
          </reporter-output>
        </test-method> <!-- BeforeMethod -->
        <test-method signature="test1()[pri:0, instance:TestNG_Annotations.Before_After_Test@1522d8a0]" started-at="2025-12-07T18:45:01 IST" name="test1" finished-at="2025-12-07T18:45:01 IST" duration-ms="4" status="PASS">
          <reporter-output>
          </reporter-output>
        </test-method> <!-- test1 -->
        <test-method is-config="true" signature="AfterMethod()[pri:0, instance:TestNG_Annotations.Before_After_Test@1522d8a0]" started-at="2025-12-07T18:45:01 IST" name="AfterMethod" finished-at="2025-12-07T18:45:01 IST" duration-ms="2" status="PASS">
          <reporter-output>
          </reporter-output>
        </test-method> <!-- AfterMethod -->
        <test-method signature="test2()[pri:0, instance:TestNG_Annotations.Before_After_Test@1522d8a0]" started-at="2025-12-07T18:45:01 IST" name="test2" finished-at="2025-12-07T18:45:01 IST" duration-ms="5" status="PASS">
          <reporter-output>
          </reporter-output>
        </test-method> <!-- test2 -->
        <test-method is-config="true" signature="BeforeMethod()[pri:0, instance:TestNG_Annotations.Before_After_Test@1522d8a0]" started-at="2025-12-07T18:45:01 IST" name="BeforeMethod" finished-at="2025-12-07T18:45:01 IST" duration-ms="0" status="PASS">
          <reporter-output>
          </reporter-output>
        </test-method> <!-- BeforeMethod -->
        <test-method is-config="true" signature="AfterMethod()[pri:0, instance:TestNG_Annotations.Before_After_Test@1522d8a0]" started-at="2025-12-07T18:45:01 IST" name="AfterMethod" finished-at="2025-12-07T18:45:01 IST" duration-ms="0" status="PASS">
          <reporter-output>
          </reporter-output>
        </test-method> <!-- AfterMethod -->
        <test-method is-config="true" signature="AfterClass()[pri:0, instance:TestNG_Annotations.Before_After_Test@1522d8a0]" started-at="2025-12-07T18:45:01 IST" name="AfterClass" finished-at="2025-12-07T18:45:01 IST" duration-ms="0" status="PASS">
          <reporter-output>
          </reporter-output>
        </test-method> <!-- AfterClass -->
      </class> <!-- TestNG_Annotations.Before_After_Test -->
      <class name="TestNG_Annotations.Before_After_Methods">
        <test-method signature="test1()[pri:0, instance:TestNG_Annotations.Before_After_Methods@6bea52d4]" started-at="2025-12-07T18:45:01 IST" name="test1" finished-at="2025-12-07T18:45:01 IST" duration-ms="13" status="PASS">
          <reporter-output>
          </reporter-output>
        </test-method> <!-- test1 -->
        <test-method is-config="true" signature="setup()[pri:0, instance:TestNG_Annotations.Before_After_Methods@6bea52d4]" started-at="2025-12-07T18:45:01 IST" name="setup" finished-at="2025-12-07T18:45:01 IST" duration-ms="0" status="PASS">
          <reporter-output>
          </reporter-output>
        </test-method> <!-- setup -->
        <test-method is-config="true" signature="teardown()[pri:0, instance:TestNG_Annotations.Before_After_Methods@6bea52d4]" started-at="2025-12-07T18:45:01 IST" name="teardown" finished-at="2025-12-07T18:45:01 IST" duration-ms="1" status="PASS">
          <reporter-output>
          </reporter-output>
        </test-method> <!-- teardown -->
        <test-method signature="test2()[pri:0, instance:TestNG_Annotations.Before_After_Methods@6bea52d4]" started-at="2025-12-07T18:45:01 IST" name="test2" finished-at="2025-12-07T18:45:01 IST" duration-ms="5" status="PASS">
          <reporter-output>
          </reporter-output>
        </test-method> <!-- test2 -->
        <test-method is-config="true" signature="setup()[pri:0, instance:TestNG_Annotations.Before_After_Methods@6bea52d4]" started-at="2025-12-07T18:45:01 IST" name="setup" finished-at="2025-12-07T18:45:01 IST" duration-ms="0" status="PASS">
          <reporter-output>
          </reporter-output>
        </test-method> <!-- setup -->
        <test-method is-config="true" signature="teardown()[pri:0, instance:TestNG_Annotations.Before_After_Methods@6bea52d4]" started-at="2025-12-07T18:45:01 IST" name="teardown" finished-at="2025-12-07T18:45:01 IST" duration-ms="2" status="PASS">
          <reporter-output>
          </reporter-output>
        </test-method> <!-- teardown -->
      </class> <!-- TestNG_Annotations.Before_After_Methods -->
      <class name="TestNG_Annotations.Before_After_Class">
        <test-method is-config="true" signature="BeforeTest()[pri:0, instance:TestNG_Annotations.Before_After_Class@758a34ce]" started-at="2025-12-07T18:45:01 IST" name="BeforeTest" finished-at="2025-12-07T18:45:01 IST" duration-ms="2" status="PASS">
          <reporter-output>
          </reporter-output>
        </test-method> <!-- BeforeTest -->
        <test-method is-config="true" signature="BeforeClass()[pri:0, instance:TestNG_Annotations.Before_After_Class@758a34ce]" started-at="2025-12-07T18:45:01 IST" name="BeforeClass" finished-at="2025-12-07T18:45:01 IST" duration-ms="6" status="PASS">
          <reporter-output>
          </reporter-output>
        </test-method> <!-- BeforeClass -->
        <test-method signature="test1()[pri:0, instance:TestNG_Annotations.Before_After_Class@758a34ce]" started-at="2025-12-07T18:45:01 IST" name="test1" finished-at="2025-12-07T18:45:01 IST" duration-ms="17" status="PASS">
          <reporter-output>
          </reporter-output>
        </test-method> <!-- test1 -->
        <test-method is-config="true" signature="BeforeMethod()[pri:0, instance:TestNG_Annotations.Before_After_Class@758a34ce]" started-at="2025-12-07T18:45:01 IST" name="BeforeMethod" finished-at="2025-12-07T18:45:01 IST" duration-ms="0" status="PASS">
          <reporter-output>
          </reporter-output>
        </test-method> <!-- BeforeMethod -->
        <test-method is-config="true" signature="AfterMethod()[pri:0, instance:TestNG_Annotations.Before_After_Class@758a34ce]" started-at="2025-12-07T18:45:01 IST" name="AfterMethod" finished-at="2025-12-07T18:45:01 IST" duration-ms="2" status="PASS">
          <reporter-output>
          </reporter-output>
        </test-method> <!-- AfterMethod -->
        <test-method signature="test2()[pri:0, instance:TestNG_Annotations.Before_After_Class@758a34ce]" started-at="2025-12-07T18:45:01 IST" name="test2" finished-at="2025-12-07T18:45:01 IST" duration-ms="0" status="PASS">
          <reporter-output>
          </reporter-output>
        </test-method> <!-- test2 -->
        <test-method is-config="true" signature="BeforeMethod()[pri:0, instance:TestNG_Annotations.Before_After_Class@758a34ce]" started-at="2025-12-07T18:45:01 IST" name="BeforeMethod" finished-at="2025-12-07T18:45:01 IST" duration-ms="0" status="PASS">
          <reporter-output>
          </reporter-output>
        </test-method> <!-- BeforeMethod -->
        <test-method is-config="true" signature="AfterMethod()[pri:0, instance:TestNG_Annotations.Before_After_Class@758a34ce]" started-at="2025-12-07T18:45:01 IST" name="AfterMethod" finished-at="2025-12-07T18:45:01 IST" duration-ms="4" status="PASS">
          <reporter-output>
          </reporter-output>
        </test-method> <!-- AfterMethod -->
        <test-method is-config="true" signature="AfterClass()[pri:0, instance:TestNG_Annotations.Before_After_Class@758a34ce]" started-at="2025-12-07T18:45:01 IST" name="AfterClass" finished-at="2025-12-07T18:45:01 IST" duration-ms="0" status="PASS">
          <reporter-output>
          </reporter-output>
        </test-method> <!-- AfterClass -->
        <test-method is-config="true" signature="AfterTest()[pri:0, instance:TestNG_Annotations.Before_After_Class@758a34ce]" started-at="2025-12-07T18:45:01 IST" name="AfterTest" finished-at="2025-12-07T18:45:01 IST" duration-ms="0" status="PASS">
          <reporter-output>
          </reporter-output>
        </test-method> <!-- AfterTest -->
      </class> <!-- TestNG_Annotations.Before_After_Class -->
      <class name="TestNG_Annotations.Before_After_Suite">
        <test-method is-config="true" signature="BeforeSuite()[pri:0, instance:TestNG_Annotations.Before_After_Suite@3381b4fc]" started-at="2025-12-07T18:45:01 IST" name="BeforeSuite" finished-at="2025-12-07T18:45:01 IST" duration-ms="25" status="PASS">
          <reporter-output>
          </reporter-output>
        </test-method> <!-- BeforeSuite -->
        <test-method is-config="true" signature="BeforeTest()[pri:0, instance:TestNG_Annotations.Before_After_Suite@3381b4fc]" started-at="2025-12-07T18:45:01 IST" name="BeforeTest" finished-at="2025-12-07T18:45:01 IST" duration-ms="0" status="PASS">
          <reporter-output>
          </reporter-output>
        </test-method> <!-- BeforeTest -->
        <test-method is-config="true" signature="BeforeClass()[pri:0, instance:TestNG_Annotations.Before_After_Suite@3381b4fc]" started-at="2025-12-07T18:45:01 IST" name="BeforeClass" finished-at="2025-12-07T18:45:01 IST" duration-ms="0" status="PASS">
          <reporter-output>
          </reporter-output>
        </test-method> <!-- BeforeClass -->
        <test-method is-config="true" signature="BeforeMethod()[pri:0, instance:TestNG_Annotations.Before_After_Suite@3381b4fc]" started-at="2025-12-07T18:45:01 IST" name="BeforeMethod" finished-at="2025-12-07T18:45:01 IST" duration-ms="2" status="PASS">
          <reporter-output>
          </reporter-output>
        </test-method> <!-- BeforeMethod -->
        <test-method signature="test1()[pri:0, instance:TestNG_Annotations.Before_After_Suite@3381b4fc]" started-at="2025-12-07T18:45:01 IST" name="test1" finished-at="2025-12-07T18:45:01 IST" duration-ms="4" status="PASS">
          <reporter-output>
          </reporter-output>
        </test-method> <!-- test1 -->
        <test-method is-config="true" signature="AfterMethod()[pri:0, instance:TestNG_Annotations.Before_After_Suite@3381b4fc]" started-at="2025-12-07T18:45:01 IST" name="AfterMethod" finished-at="2025-12-07T18:45:01 IST" duration-ms="0" status="PASS">
          <reporter-output>
          </reporter-output>
        </test-method> <!-- AfterMethod -->
        <test-method signature="test2()[pri:0, instance:TestNG_Annotations.Before_After_Suite@3381b4fc]" started-at="2025-12-07T18:45:01 IST" name="test2" finished-at="2025-12-07T18:45:01 IST" duration-ms="4" status="PASS">
          <reporter-output>
          </reporter-output>
        </test-method> <!-- test2 -->
        <test-method is-config="true" signature="BeforeMethod()[pri:0, instance:TestNG_Annotations.Before_After_Suite@3381b4fc]" started-at="2025-12-07T18:45:01 IST" name="BeforeMethod" finished-at="2025-12-07T18:45:01 IST" duration-ms="0" status="PASS">
          <reporter-output>
          </reporter-output>
        </test-method> <!-- BeforeMethod -->
        <test-method is-config="true" signature="AfterClass()[pri:0, instance:TestNG_Annotations.Before_After_Suite@3381b4fc]" started-at="2025-12-07T18:45:01 IST" name="AfterClass" finished-at="2025-12-07T18:45:01 IST" duration-ms="2" status="PASS">
          <reporter-output>
          </reporter-output>
        </test-method> <!-- AfterClass -->
        <test-method is-config="true" signature="AfterMethod()[pri:0, instance:TestNG_Annotations.Before_After_Suite@3381b4fc]" started-at="2025-12-07T18:45:01 IST" name="AfterMethod" finished-at="2025-12-07T18:45:01 IST" duration-ms="0" status="PASS">
          <reporter-output>
          </reporter-output>
        </test-method> <!-- AfterMethod -->
        <test-method is-config="true" signature="AfterTest()[pri:0, instance:TestNG_Annotations.Before_After_Suite@3381b4fc]" started-at="2025-12-07T18:45:01 IST" name="AfterTest" finished-at="2025-12-07T18:45:01 IST" duration-ms="0" status="PASS">
          <reporter-output>
          </reporter-output>
        </test-method> <!-- AfterTest -->
        <test-method is-config="true" signature="AfterSuite()[pri:0, instance:TestNG_Annotations.Before_After_Suite@3381b4fc]" started-at="2025-12-07T18:45:01 IST" name="AfterSuite" finished-at="2025-12-07T18:45:01 IST" duration-ms="0" status="PASS">
          <reporter-output>
          </reporter-output>
        </test-method> <!-- AfterSuite -->
      </class> <!-- TestNG_Annotations.Before_After_Suite -->
    </test> <!-- Test -->
  </suite> <!-- Suite -->
</testng-results>
