<?xml version="1.0" encoding="UTF-8"?>
<!-- Generated by org.testng.reporters.JUnitReportReporter -->
<testsuite hostname="DESKTOP-7DG3UKU" failures="0" tests="3" name="Grouping.SignupTests" time="0.004" errors="0" timestamp="2025-12-12T05:59:31 IST" skipped="0">
  <testcase classname="Grouping.SignupTests" name="signupByEmail" time="0.002"/>
  <testcase classname="Grouping.SignupTests" name="signupByFacebook" time="0.001"/>
  <testcase classname="Grouping.SignupTests" name="signupByTwitter" time="0.001"/>
</testsuite> <!-- Grouping.SignupTests -->
