<?xml version="1.0" encoding="UTF-8"?>
<!-- Generated by org.testng.reporters.JUnitReportReporter -->
<testsuite hostname="DESKTOP-7DG3UKU" failures="0" tests="3" name="Grouping.LoginTests" time="0.009" errors="0" timestamp="2025-12-12T05:59:31 IST" skipped="0">
  <testcase classname="Grouping.LoginTests" name="loginByEmail" time="0.007"/>
  <testcase classname="Grouping.LoginTests" name="loginByFacebook" time="0.001"/>
  <testcase classname="Grouping.LoginTests" name="loginByTwitter" time="0.001"/>
</testsuite> <!-- Grouping.LoginTests -->
