<?xml version="1.0" encoding="UTF-8"?>
<!-- Generated by org.testng.reporters.JUnitReportReporter -->
<testsuite hostname="DESKTOP-7DG3UKU" failures="0" tests="2" name="TestNG_Annotations.Before_After_Methods" time="0.021" errors="0" timestamp="2025-12-07T18:45:01 IST" skipped="0">
  <testcase classname="TestNG_Annotations.Before_After_Methods" name="test1" time="0.015"/>
  <testcase classname="TestNG_Annotations.Before_After_Methods" name="test2" time="0.006"/>
</testsuite> <!-- TestNG_Annotations.Before_After_Methods -->
