<?xml version="1.0" encoding="UTF-8"?>
<!-- Generated by org.testng.reporters.JUnitReportReporter -->
<testsuite hostname="DESKTOP-7DG3UKU" failures="0" tests="4" name="Dependencey_Methods.Dependency_Method" time="15.081" errors="0" timestamp="2025-12-12T05:45:48 IST" skipped="0">
  <testcase classname="Dependencey_Methods.Dependency_Method" name="openapp" time="7.647"/>
  <testcase classname="Dependencey_Methods.Dependency_Method" name="login" time="0.436"/>
  <testcase classname="Dependencey_Methods.Dependency_Method" name="search" time="6.865"/>
  <testcase classname="Dependencey_Methods.Dependency_Method" name="quit" time="0.133"/>
</testsuite> <!-- Dependencey_Methods.Dependency_Method -->
